<?xml version="1.0" encoding="UTF-8"?>
<!-- Generated by org.testng.reporters.JUnitReportReporter -->
<testsuite hostname="DESKTOP-C4BDBLN" failures="0" tests="1" name="BinhBT3.Selenium.tests.SubmitOrderTest" time="0.000" errors="1" timestamp="2023-03-28T09:36:17 ICT" skipped="0">
  <testcase classname="BinhBT3.Selenium.tests.SubmitOrderTest" name="submitOrder" time="0.000">
    <error message="java.io.FileNotFoundException: File &#039;C:\Users\ADMIN\eclipse-workspace_java_selenium\SeleniumFrameworkDesign2\src\test\java\rahulshettyacademy\data\PurchaseOrder.json&#039; does not exist" type="java.lang.RuntimeException">
      <![CDATA[java.lang.RuntimeException: java.io.FileNotFoundException: File 'C:\Users\ADMIN\eclipse-workspace_java_selenium\SeleniumFrameworkDesign2\src\test\java\rahulshettyacademy\data\PurchaseOrder.json' does not exist
at org.testng.internal.invokers.MethodInvocationHelper.invokeMethodNoCheckedException(MethodInvocationHelper.java:57)
at org.testng.internal.invokers.MethodInvocationHelper.invokeDataProvider(MethodInvocationHelper.java:157)
at org.testng.internal.Parameters.handleParameters(Parameters.java:803)
at org.testng.internal.Parameters.handleParameters(Parameters.java:728)
at org.testng.internal.invokers.ParameterHandler.handleParameters(ParameterHandler.java:72)
at org.testng.internal.invokers.ParameterHandler.createParameters(ParameterHandler.java:51)
at org.testng.internal.invokers.TestInvoker$MethodInvocationAgent.invoke(TestInvoker.java:924)
at org.testng.internal.invokers.TestInvoker.invokeTestMethods(TestInvoker.java:194)
at org.testng.internal.invokers.TestMethodWorker.invokeTestMethods(TestMethodWorker.java:148)
at org.testng.internal.invokers.TestMethodWorker.run(TestMethodWorker.java:128)
at java.base/java.util.ArrayList.forEach(ArrayList.java:1511)
at org.testng.TestRunner.privateRun(TestRunner.java:829)
at org.testng.TestRunner.run(TestRunner.java:602)
at org.testng.SuiteRunner.runTest(SuiteRunner.java:437)
at org.testng.SuiteRunner$SuiteWorker.run(SuiteRunner.java:475)
at org.testng.internal.thread.ThreadUtil.lambda$execute$0(ThreadUtil.java:58)
at java.base/java.util.concurrent.FutureTask.run(FutureTask.java:264)
at java.base/java.util.concurrent.ThreadPoolExecutor.runWorker(ThreadPoolExecutor.java:1136)
at java.base/java.util.concurrent.ThreadPoolExecutor$Worker.run(ThreadPoolExecutor.java:635)
at java.base/java.lang.Thread.run(Thread.java:833)
Caused by: java.io.FileNotFoundException: File 'C:\Users\ADMIN\eclipse-workspace_java_selenium\SeleniumFrameworkDesign2\src\test\java\rahulshettyacademy\data\PurchaseOrder.json' does not exist
at org.apache.commons.io.FileUtils.openInputStream(FileUtils.java:297)
at org.apache.commons.io.FileUtils.readFileToString(FileUtils.java:1805)
at BinhBT3.Selenium.TestComponents.BaseTest.getJsonDataToMap(BaseTest.java:75)
at BinhBT3.Selenium.tests.SubmitOrderTest.getData(SubmitOrderTest.java:80)
at java.base/jdk.internal.reflect.NativeMethodAccessorImpl.invoke0(Native Method)
at java.base/jdk.internal.reflect.NativeMethodAccessorImpl.invoke(NativeMethodAccessorImpl.java:77)
at java.base/jdk.internal.reflect.DelegatingMethodAccessorImpl.invoke(DelegatingMethodAccessorImpl.java:43)
at java.base/java.lang.reflect.Method.invoke(Method.java:568)
at org.testng.internal.invokers.MethodInvocationHelper.invokeMethod(MethodInvocationHelper.java:139)
at org.testng.internal.invokers.MethodInvocationHelper.invokeMethod(MethodInvocationHelper.java:84)
at org.testng.internal.invokers.MethodInvocationHelper.invokeMethodNoCheckedException(MethodInvocationHelper.java:53)
... 19 more
]]>
    </error>
  </testcase> <!-- submitOrder -->
  <system-out/>
</testsuite> <!-- BinhBT3.Selenium.tests.SubmitOrderTest -->
